2023-01-08 05:49:04,929:INFO:PyCaret Supervised Module
2023-01-08 05:49:04,929:INFO:ML Usecase: regression
2023-01-08 05:49:04,929:INFO:version 2.3.10
2023-01-08 05:49:04,929:INFO:Initializing setup()
2023-01-08 05:49:04,929:INFO:setup(target=totalSales, ml_usecase=regression, available_plots={'parameter': 'Hyperparameters', 'residuals': 'Residuals', 'error': 'Prediction Error', 'cooks': 'Cooks Distance', 'rfe': 'Feature Selection', 'learning': 'Learning Curve', 'manifold': 'Manifold Learning', 'vc': 'Validation Curve', 'feature': 'Feature Importance', 'feature_all': 'Feature Importance (All)', 'tree': 'Decision Tree', 'residuals_interactive': 'Interactive Residuals'}, train_size=0.7, test_data=           date  totalSales  totalUnits                       _id  \
211  2021-08-01          70          29  63b6c765d9f46447af85a6f4   
212  2021-08-02          56          12  63b6c765d9f46447af85a6f5   
213  2021-08-03          90          46  63b6c765d9f46447af85a6f6   
214  2021-08-04          46          39  63b6c765d9f46447af85a6f7   
215  2021-08-05          49          10  63b6c765d9f46447af85a6f8   
...         ...         ...         ...                       ...   
9595 2021-11-13          77          12  63b6c766d9f46447af85cd15   
9596 2021-11-14          19          27  63b6c766d9f46447af85cd16   
9597 2021-11-15           6          28  63b6c766d9f46447af85cd17   
9598 2021-11-16          33           5  63b6c766d9f46447af85cd18   
9599 2021-11-17          36          22  63b6c766d9f46447af85cd19   

                     productId       MA12  Month  Year  series  
211   63701d24f03239c72c00018e  40.583333      8  2021     212  
212   63701d24f03239c72c00018e  39.250000      8  2021     213  
213   63701d24f03239c72c00018e  38.666667      8  2021     214  
214   63701d24f03239c72c00018e  36.000000      8  2021     215  
215   63701d24f03239c72c00018e  39.583333      8  2021     216  
...                        ...        ...    ...   ...     ...  
9595  63701d25f03239d591000328  70.083333     11  2021    9596  
9596  63701d25f03239d591000328  64.166667     11  2021    9597  
9597  63701d25f03239d591000328  56.666667     11  2021    9598  
9598  63701d25f03239d591000328  52.583333     11  2021    9599  
9599  63701d25f03239d591000328  48.750000     11  2021    9600  

[3270 rows x 9 columns], preprocess=True, imputation_type=simple, iterative_imputation_iters=5, categorical_features=None, categorical_imputation=constant, categorical_iterative_imputer=lightgbm, ordinal_features=None, high_cardinality_features=None, high_cardinality_method=frequency, numeric_features=['Month', 'Series'], numeric_imputation=mean, numeric_iterative_imputer=lightgbm, date_features=None, ignore_features=None, normalize=False, normalize_method=zscore, transformation=False, transformation_method=yeo-johnson, handle_unknown_categorical=True, unknown_categorical_method=least_frequent, pca=False, pca_method=linear, pca_components=None, ignore_low_variance=False, combine_rare_levels=False, rare_level_threshold=0.1, bin_numeric_features=None, remove_outliers=False, outliers_threshold=0.05, remove_multicollinearity=False, multicollinearity_threshold=0.9, remove_perfect_collinearity=True, create_clusters=False, cluster_iter=20, polynomial_features=False, polynomial_degree=2, trigonometry_features=False, polynomial_threshold=0.1, group_features=None, group_names=None, feature_selection=False, feature_selection_threshold=0.8, feature_selection_method=classic, feature_interaction=False, feature_ratio=False, interaction_threshold=0.01, fix_imbalance=False, fix_imbalance_method=None, transform_target=True, transform_target_method=box-cox, data_split_shuffle=True, data_split_stratify=False, fold_strategy=timeseries, fold=2, fold_shuffle=False, fold_groups=None, n_jobs=-1, use_gpu=False, custom_pipeline=None, html=True, session_id=123, log_experiment=False, experiment_name=None, experiment_custom_tags=None, log_plots=False, log_profile=False, log_data=False, silent=False, verbose=True, profile=False, profile_kwargs=None, display=None)
2023-01-08 05:49:04,929:INFO:Checking environment
2023-01-08 05:49:04,929:INFO:python_version: 3.8.13
2023-01-08 05:49:04,930:INFO:python_build: ('default', 'Mar 25 2022 06:04:10')
2023-01-08 05:49:04,933:INFO:machine: x86_64
2023-01-08 05:49:04,933:INFO:platform: Linux-5.4.0-135-generic-x86_64-with-glibc2.10
2023-01-08 05:49:04,933:INFO:Memory: svmem(total=6230675456, available=844210176, percent=86.5, used=4978860032, free=122671104, active=4541214720, inactive=1143734272, buffers=49582080, cached=1079562240, shared=132947968, slab=224473088)
2023-01-08 05:49:04,934:INFO:Physical Core: 1
2023-01-08 05:49:04,934:INFO:Logical Core: 1
2023-01-08 05:49:04,935:INFO:Checking libraries
2023-01-08 05:49:04,935:INFO:pd==1.4.2
2023-01-08 05:49:04,935:INFO:numpy==1.22.3
2023-01-08 05:49:04,935:INFO:sklearn==0.23.2
2023-01-08 05:49:04,935:INFO:lightgbm==3.3.2
2023-01-08 05:49:04,935:WARNING:catboost not found
2023-01-08 05:49:04,935:WARNING:xgboost not found
2023-01-08 05:49:04,936:INFO:mlflow==1.25.1
2023-01-08 05:49:04,936:INFO:Checking Exceptions
2023-01-08 05:50:10,322:INFO:PyCaret Supervised Module
2023-01-08 05:50:10,329:INFO:ML Usecase: regression
2023-01-08 05:50:10,329:INFO:version 2.3.10
2023-01-08 05:50:10,329:INFO:Initializing setup()
2023-01-08 05:50:10,329:INFO:setup(target=totalSales, ml_usecase=regression, available_plots={'parameter': 'Hyperparameters', 'residuals': 'Residuals', 'error': 'Prediction Error', 'cooks': 'Cooks Distance', 'rfe': 'Feature Selection', 'learning': 'Learning Curve', 'manifold': 'Manifold Learning', 'vc': 'Validation Curve', 'feature': 'Feature Importance', 'feature_all': 'Feature Importance (All)', 'tree': 'Decision Tree', 'residuals_interactive': 'Interactive Residuals'}, train_size=0.7, test_data=           date  totalSales  totalUnits                       _id  \
211  2021-08-01          70          29  63b6c765d9f46447af85a6f4   
212  2021-08-02          56          12  63b6c765d9f46447af85a6f5   
213  2021-08-03          90          46  63b6c765d9f46447af85a6f6   
214  2021-08-04          46          39  63b6c765d9f46447af85a6f7   
215  2021-08-05          49          10  63b6c765d9f46447af85a6f8   
...         ...         ...         ...                       ...   
9595 2021-11-13          77          12  63b6c766d9f46447af85cd15   
9596 2021-11-14          19          27  63b6c766d9f46447af85cd16   
9597 2021-11-15           6          28  63b6c766d9f46447af85cd17   
9598 2021-11-16          33           5  63b6c766d9f46447af85cd18   
9599 2021-11-17          36          22  63b6c766d9f46447af85cd19   

                     productId       MA12  Month  Year  series  
211   63701d24f03239c72c00018e  40.583333      8  2021     212  
212   63701d24f03239c72c00018e  39.250000      8  2021     213  
213   63701d24f03239c72c00018e  38.666667      8  2021     214  
214   63701d24f03239c72c00018e  36.000000      8  2021     215  
215   63701d24f03239c72c00018e  39.583333      8  2021     216  
...                        ...        ...    ...   ...     ...  
9595  63701d25f03239d591000328  70.083333     11  2021    9596  
9596  63701d25f03239d591000328  64.166667     11  2021    9597  
9597  63701d25f03239d591000328  56.666667     11  2021    9598  
9598  63701d25f03239d591000328  52.583333     11  2021    9599  
9599  63701d25f03239d591000328  48.750000     11  2021    9600  

[3270 rows x 9 columns], preprocess=True, imputation_type=simple, iterative_imputation_iters=5, categorical_features=None, categorical_imputation=constant, categorical_iterative_imputer=lightgbm, ordinal_features=None, high_cardinality_features=None, high_cardinality_method=frequency, numeric_features=['Month', 'series'], numeric_imputation=mean, numeric_iterative_imputer=lightgbm, date_features=None, ignore_features=None, normalize=False, normalize_method=zscore, transformation=False, transformation_method=yeo-johnson, handle_unknown_categorical=True, unknown_categorical_method=least_frequent, pca=False, pca_method=linear, pca_components=None, ignore_low_variance=False, combine_rare_levels=False, rare_level_threshold=0.1, bin_numeric_features=None, remove_outliers=False, outliers_threshold=0.05, remove_multicollinearity=False, multicollinearity_threshold=0.9, remove_perfect_collinearity=True, create_clusters=False, cluster_iter=20, polynomial_features=False, polynomial_degree=2, trigonometry_features=False, polynomial_threshold=0.1, group_features=None, group_names=None, feature_selection=False, feature_selection_threshold=0.8, feature_selection_method=classic, feature_interaction=False, feature_ratio=False, interaction_threshold=0.01, fix_imbalance=False, fix_imbalance_method=None, transform_target=True, transform_target_method=box-cox, data_split_shuffle=True, data_split_stratify=False, fold_strategy=timeseries, fold=2, fold_shuffle=False, fold_groups=None, n_jobs=-1, use_gpu=False, custom_pipeline=None, html=True, session_id=123, log_experiment=False, experiment_name=None, experiment_custom_tags=None, log_plots=False, log_profile=False, log_data=False, silent=False, verbose=True, profile=False, profile_kwargs=None, display=None)
2023-01-08 05:50:10,329:INFO:Checking environment
2023-01-08 05:50:10,329:INFO:python_version: 3.8.13
2023-01-08 05:50:10,329:INFO:python_build: ('default', 'Mar 25 2022 06:04:10')
2023-01-08 05:50:10,329:INFO:machine: x86_64
2023-01-08 05:50:10,329:INFO:platform: Linux-5.4.0-135-generic-x86_64-with-glibc2.10
2023-01-08 05:50:10,330:INFO:Memory: svmem(total=6230675456, available=789020672, percent=87.3, used=5034504192, free=123801600, active=4549230592, inactive=1135448064, buffers=48701440, cached=1023668224, shared=132726784, slab=224157696)
2023-01-08 05:50:10,330:INFO:Physical Core: 1
2023-01-08 05:50:10,330:INFO:Logical Core: 1
2023-01-08 05:50:10,330:INFO:Checking libraries
2023-01-08 05:50:10,330:INFO:pd==1.4.2
2023-01-08 05:50:10,330:INFO:numpy==1.22.3
2023-01-08 05:50:10,330:INFO:sklearn==0.23.2
2023-01-08 05:50:10,330:INFO:lightgbm==3.3.2
2023-01-08 05:50:10,331:WARNING:catboost not found
2023-01-08 05:50:10,331:WARNING:xgboost not found
2023-01-08 05:50:10,331:INFO:mlflow==1.25.1
2023-01-08 05:50:10,331:INFO:Checking Exceptions
2023-01-08 05:50:10,331:INFO:Declaring global variables
2023-01-08 05:50:10,331:INFO:USI: a74b
2023-01-08 05:50:10,332:INFO:pycaret_globals: {'y_test', 'pycaret_globals', 'USI', 'dashboard_logger', 'fix_imbalance_param', '_internal_pipeline', 'fold_generator', 'prep_pipe', 'fold_groups_param', 'log_plots_param', '_gpu_n_jobs_param', 'gpu_param', 'master_model_container', 'exp_name_log', '_all_metrics', 'fold_groups_param_full', 'fold_param', 'y', 'logging_param', 'imputation_regressor', 'imputation_classifier', 'fold_shuffle_param', 'experiment__', 'iterative_imputation_iters_param', '_all_models_internal', 'display_container', '_ml_usecase', 'n_jobs_param', 'seed', 'X_test', '_all_models', 'stratify_param', 'create_model_container', 'data_before_preprocess', 'y_train', 'X_train', 'fix_imbalance_method_param', 'transform_target_param', '_available_plots', 'X', 'transform_target_method_param', 'target_param', 'html_param'}
2023-01-08 05:50:10,332:INFO:Preparing display monitor
2023-01-08 05:50:10,332:INFO:Preparing display monitor
2023-01-08 05:50:10,375:INFO:Importing libraries
2023-01-08 05:50:10,376:INFO:Copying data for preprocessing
2023-01-08 05:50:10,433:INFO:Declaring preprocessing parameters
2023-01-08 05:50:10,438:INFO:Creating preprocessing pipeline
2023-01-08 05:50:10,483:INFO:Preprocessing pipeline created successfully
2023-01-08 05:50:10,483:ERROR:(Process Exit): setup has been interupted with user command 'quit'. setup must rerun.
2023-01-08 05:50:10,484:INFO:Creating global containers
2023-01-08 05:50:10,496:INFO:Internal pipeline: Pipeline(memory=None, steps=[('empty_step', 'passthrough')], verbose=False)
2023-01-08 05:54:08,375:INFO:PyCaret Supervised Module
2023-01-08 05:54:08,376:INFO:ML Usecase: regression
2023-01-08 05:54:08,376:INFO:version 2.3.10
2023-01-08 05:54:08,377:INFO:Initializing setup()
2023-01-08 05:54:08,377:INFO:setup(target=totalSales, ml_usecase=regression, available_plots={'parameter': 'Hyperparameters', 'residuals': 'Residuals', 'error': 'Prediction Error', 'cooks': 'Cooks Distance', 'rfe': 'Feature Selection', 'learning': 'Learning Curve', 'manifold': 'Manifold Learning', 'vc': 'Validation Curve', 'feature': 'Feature Importance', 'feature_all': 'Feature Importance (All)', 'tree': 'Decision Tree', 'residuals_interactive': 'Interactive Residuals'}, train_size=0.7, test_data=           date  totalSales  totalUnits                       _id  \
211  2021-08-01          70          29  63b6c765d9f46447af85a6f4   
212  2021-08-02          56          12  63b6c765d9f46447af85a6f5   
213  2021-08-03          90          46  63b6c765d9f46447af85a6f6   
214  2021-08-04          46          39  63b6c765d9f46447af85a6f7   
215  2021-08-05          49          10  63b6c765d9f46447af85a6f8   
...         ...         ...         ...                       ...   
9595 2021-11-13          77          12  63b6c766d9f46447af85cd15   
9596 2021-11-14          19          27  63b6c766d9f46447af85cd16   
9597 2021-11-15           6          28  63b6c766d9f46447af85cd17   
9598 2021-11-16          33           5  63b6c766d9f46447af85cd18   
9599 2021-11-17          36          22  63b6c766d9f46447af85cd19   

                     productId       MA12  Month  Year  series  
211   63701d24f03239c72c00018e  40.583333      8  2021     212  
212   63701d24f03239c72c00018e  39.250000      8  2021     213  
213   63701d24f03239c72c00018e  38.666667      8  2021     214  
214   63701d24f03239c72c00018e  36.000000      8  2021     215  
215   63701d24f03239c72c00018e  39.583333      8  2021     216  
...                        ...        ...    ...   ...     ...  
9595  63701d25f03239d591000328  70.083333     11  2021    9596  
9596  63701d25f03239d591000328  64.166667     11  2021    9597  
9597  63701d25f03239d591000328  56.666667     11  2021    9598  
9598  63701d25f03239d591000328  52.583333     11  2021    9599  
9599  63701d25f03239d591000328  48.750000     11  2021    9600  

[3270 rows x 9 columns], preprocess=True, imputation_type=simple, iterative_imputation_iters=5, categorical_features=None, categorical_imputation=constant, categorical_iterative_imputer=lightgbm, ordinal_features=None, high_cardinality_features=None, high_cardinality_method=frequency, numeric_features=['Month', 'series'], numeric_imputation=mean, numeric_iterative_imputer=lightgbm, date_features=None, ignore_features=None, normalize=False, normalize_method=zscore, transformation=False, transformation_method=yeo-johnson, handle_unknown_categorical=True, unknown_categorical_method=least_frequent, pca=False, pca_method=linear, pca_components=None, ignore_low_variance=False, combine_rare_levels=False, rare_level_threshold=0.1, bin_numeric_features=None, remove_outliers=False, outliers_threshold=0.05, remove_multicollinearity=False, multicollinearity_threshold=0.9, remove_perfect_collinearity=True, create_clusters=False, cluster_iter=20, polynomial_features=False, polynomial_degree=2, trigonometry_features=False, polynomial_threshold=0.1, group_features=None, group_names=None, feature_selection=False, feature_selection_threshold=0.8, feature_selection_method=classic, feature_interaction=False, feature_ratio=False, interaction_threshold=0.01, fix_imbalance=False, fix_imbalance_method=None, transform_target=True, transform_target_method=box-cox, data_split_shuffle=True, data_split_stratify=False, fold_strategy=timeseries, fold=2, fold_shuffle=False, fold_groups=None, n_jobs=-1, use_gpu=False, custom_pipeline=None, html=True, session_id=123, log_experiment=False, experiment_name=None, experiment_custom_tags=None, log_plots=False, log_profile=False, log_data=False, silent=False, verbose=True, profile=False, profile_kwargs=None, display=None)
2023-01-08 05:54:08,377:INFO:Checking environment
2023-01-08 05:54:08,377:INFO:python_version: 3.8.13
2023-01-08 05:54:08,377:INFO:python_build: ('default', 'Mar 25 2022 06:04:10')
2023-01-08 05:54:08,377:INFO:machine: x86_64
2023-01-08 05:54:08,377:INFO:platform: Linux-5.4.0-135-generic-x86_64-with-glibc2.10
2023-01-08 05:54:08,378:INFO:Memory: svmem(total=6230675456, available=1547087872, percent=75.2, used=4271042560, free=874627072, active=3665928192, inactive=1273319424, buffers=110542848, cached=974462976, shared=134000640, slab=224911360)
2023-01-08 05:54:08,378:INFO:Physical Core: 1
2023-01-08 05:54:08,378:INFO:Logical Core: 1
2023-01-08 05:54:08,379:INFO:Checking libraries
2023-01-08 05:54:08,383:INFO:pd==1.4.2
2023-01-08 05:54:08,383:INFO:numpy==1.22.3
2023-01-08 05:54:08,383:INFO:sklearn==0.23.2
2023-01-08 05:54:08,383:INFO:lightgbm==3.3.2
2023-01-08 05:54:08,384:WARNING:catboost not found
2023-01-08 05:54:08,384:WARNING:xgboost not found
2023-01-08 05:54:08,385:INFO:mlflow==1.25.1
2023-01-08 05:54:08,385:INFO:Checking Exceptions
2023-01-08 05:54:08,385:INFO:Declaring global variables
2023-01-08 05:54:08,385:INFO:USI: 1ffe
2023-01-08 05:54:08,385:INFO:pycaret_globals: {'stratify_param', 'prep_pipe', 'fold_param', 'USI', 'n_jobs_param', 'experiment__', 'transform_target_param', '_gpu_n_jobs_param', 'create_model_container', '_available_plots', 'gpu_param', 'html_param', '_internal_pipeline', 'dashboard_logger', 'y', 'log_plots_param', '_all_models', 'master_model_container', 'display_container', 'fix_imbalance_method_param', '_all_metrics', 'data_before_preprocess', '_all_models_internal', 'X', 'fold_generator', 'X_train', 'y_train', 'y_test', 'fix_imbalance_param', 'fold_groups_param_full', '_ml_usecase', 'target_param', 'imputation_regressor', 'transform_target_method_param', 'pycaret_globals', 'exp_name_log', 'seed', 'iterative_imputation_iters_param', 'fold_shuffle_param', 'fold_groups_param', 'imputation_classifier', 'X_test', 'logging_param'}
2023-01-08 05:54:08,385:INFO:Preparing display monitor
2023-01-08 05:54:08,385:INFO:Preparing display monitor
2023-01-08 05:54:08,453:INFO:Importing libraries
2023-01-08 05:54:08,456:INFO:Copying data for preprocessing
2023-01-08 05:54:08,486:INFO:Declaring preprocessing parameters
2023-01-08 05:54:08,489:INFO:Creating preprocessing pipeline
2023-01-08 05:54:08,562:INFO:Preprocessing pipeline created successfully
2023-01-08 05:54:08,562:ERROR:(Process Exit): setup has been interupted with user command 'quit'. setup must rerun.
2023-01-08 05:54:08,563:INFO:Creating global containers
2023-01-08 05:54:08,568:INFO:Internal pipeline: Pipeline(memory=None, steps=[('empty_step', 'passthrough')], verbose=False)
